24-08-17.09:56:29.208 [main            ] INFO  LogicChainTest         - Starting LogicChainTest using Java 17.0.10 on Administrator with PID 23400 (started by 陈涛 in D:\Projects\SpringBoot\big-market-231209-xfg-strategy\big-market-app)
24-08-17.09:56:29.208 [main            ] INFO  LogicChainTest         - The following 1 profile is active: "dev"
24-08-17.09:56:30.200 [main            ] INFO  RepositoryConfigurationDelegate - Multiple Spring Data modules found, entering strict repository configuration mode
24-08-17.09:56:30.204 [main            ] INFO  RepositoryConfigurationDelegate - Bootstrapping Spring Data Redis repositories in DEFAULT mode.
24-08-17.09:56:30.229 [main            ] INFO  RepositoryConfigurationDelegate - Finished Spring Data repository scanning in 10 ms. Found 0 Redis repository interfaces.
24-08-17.09:56:31.499 [main            ] INFO  Version                - Redisson 3.33.0
24-08-17.09:56:31.722 [main            ] WARN  SequentialDnsAddressResolverFactory - DNS TCP fallback on UDP query timeout disabled. Upgrade Netty to 4.1.105 or higher.
24-08-17.09:56:32.059 [redisson-netty-1-4] INFO  ConnectionsHolder      - 1 connections initialized for 127.0.0.1/127.0.0.1:16379
24-08-17.09:56:32.073 [redisson-netty-1-13] INFO  ConnectionsHolder      - 5 connections initialized for 127.0.0.1/127.0.0.1:16379
24-08-17.09:56:34.956 [main            ] INFO  EndpointLinksResolver  - Exposing 1 endpoint(s) beneath base path '/actuator'
24-08-17.09:56:35.063 [main            ] INFO  LogicChainTest         - Started LogicChainTest in 6.256 seconds (JVM running for 7.409)
24-08-17.09:56:35.687 [main            ] INFO  RuleWeightLogicChain   - 抽奖责任链-权重开始 userId: xiaofuge strategyId: 100001 ruleModel: rule_weight
24-08-17.09:56:35.720 [main            ] INFO  HikariDataSource       - HikariPool-1 - Starting...
24-08-17.09:56:35.983 [main            ] INFO  HikariDataSource       - HikariPool-1 - Start completed.
24-08-17.09:56:36.017 [main            ] INFO  RuleWeightLogicChain   - 抽奖责任链-权重接管 userId: xiaofuge strategyId: 100001 ruleModel: rule_weight awardId: 102
24-08-17.09:56:36.018 [main            ] INFO  LogicChainTest         - 测试结果：102
24-08-17.09:56:38.112 [SpringApplicationShutdownHook] INFO  HikariDataSource       - HikariPool-1 - Shutdown initiated...
24-08-17.09:56:38.129 [SpringApplicationShutdownHook] INFO  HikariDataSource       - HikariPool-1 - Shutdown completed.
24-08-17.09:58:52.050 [main            ] INFO  LogicChainTest         - Starting LogicChainTest using Java 17.0.10 on Administrator with PID 16152 (started by 陈涛 in D:\Projects\SpringBoot\big-market-231209-xfg-strategy\big-market-app)
24-08-17.09:58:52.051 [main            ] INFO  LogicChainTest         - The following 1 profile is active: "dev"
24-08-17.09:58:52.984 [main            ] INFO  RepositoryConfigurationDelegate - Multiple Spring Data modules found, entering strict repository configuration mode
24-08-17.09:58:52.986 [main            ] INFO  RepositoryConfigurationDelegate - Bootstrapping Spring Data Redis repositories in DEFAULT mode.
24-08-17.09:58:53.009 [main            ] INFO  RepositoryConfigurationDelegate - Finished Spring Data repository scanning in 11 ms. Found 0 Redis repository interfaces.
24-08-17.09:58:54.122 [main            ] INFO  Version                - Redisson 3.33.0
24-08-17.09:58:54.394 [main            ] WARN  SequentialDnsAddressResolverFactory - DNS TCP fallback on UDP query timeout disabled. Upgrade Netty to 4.1.105 or higher.
24-08-17.09:58:54.728 [redisson-netty-1-4] INFO  ConnectionsHolder      - 1 connections initialized for 127.0.0.1/127.0.0.1:16379
24-08-17.09:58:54.741 [redisson-netty-1-13] INFO  ConnectionsHolder      - 5 connections initialized for 127.0.0.1/127.0.0.1:16379
24-08-17.09:58:58.230 [main            ] INFO  EndpointLinksResolver  - Exposing 1 endpoint(s) beneath base path '/actuator'
24-08-17.09:58:58.357 [main            ] INFO  LogicChainTest         - Started LogicChainTest in 6.718 seconds (JVM running for 7.568)
24-08-17.09:58:58.905 [main            ] INFO  DefaultLogicChain      - 抽奖责任链-默认处理 userId: user001 strategyId: 100003 ruleModel: default awardId: 107
24-08-17.09:58:58.905 [main            ] INFO  LogicChainTest         - 测试结果：107
24-08-17.09:59:11.161 [main            ] INFO  LogicChainTest         - Starting LogicChainTest using Java 17.0.10 on Administrator with PID 24076 (started by 陈涛 in D:\Projects\SpringBoot\big-market-231209-xfg-strategy\big-market-app)
24-08-17.09:59:11.162 [main            ] INFO  LogicChainTest         - The following 1 profile is active: "dev"
24-08-17.09:59:12.159 [main            ] INFO  RepositoryConfigurationDelegate - Multiple Spring Data modules found, entering strict repository configuration mode
24-08-17.09:59:12.161 [main            ] INFO  RepositoryConfigurationDelegate - Bootstrapping Spring Data Redis repositories in DEFAULT mode.
24-08-17.09:59:12.202 [main            ] INFO  RepositoryConfigurationDelegate - Finished Spring Data repository scanning in 14 ms. Found 0 Redis repository interfaces.
24-08-17.09:59:13.477 [main            ] INFO  Version                - Redisson 3.33.0
24-08-17.09:59:13.702 [main            ] WARN  SequentialDnsAddressResolverFactory - DNS TCP fallback on UDP query timeout disabled. Upgrade Netty to 4.1.105 or higher.
24-08-17.09:59:14.012 [redisson-netty-1-4] INFO  ConnectionsHolder      - 1 connections initialized for 127.0.0.1/127.0.0.1:16379
24-08-17.09:59:14.026 [redisson-netty-1-13] INFO  ConnectionsHolder      - 5 connections initialized for 127.0.0.1/127.0.0.1:16379
24-08-17.09:59:17.246 [main            ] INFO  EndpointLinksResolver  - Exposing 1 endpoint(s) beneath base path '/actuator'
24-08-17.09:59:17.438 [main            ] INFO  LogicChainTest         - Started LogicChainTest in 6.737 seconds (JVM running for 7.549)
24-08-17.10:00:34.211 [main            ] INFO  DefaultLogicChain      - 抽奖责任链-默认处理 userId: user001 strategyId: 100003 ruleModel: default awardId: 107
24-08-17.10:00:36.350 [main            ] INFO  LogicChainTest         - 测试结果：107
24-08-17.10:10:06.390 [main            ] INFO  LogicChainTest         - Starting LogicChainTest using Java 17.0.10 on Administrator with PID 6852 (started by 陈涛 in D:\Projects\SpringBoot\big-market-231209-xfg-strategy\big-market-app)
24-08-17.10:10:06.392 [main            ] INFO  LogicChainTest         - The following 1 profile is active: "dev"
24-08-17.10:10:07.325 [main            ] INFO  RepositoryConfigurationDelegate - Multiple Spring Data modules found, entering strict repository configuration mode
24-08-17.10:10:07.328 [main            ] INFO  RepositoryConfigurationDelegate - Bootstrapping Spring Data Redis repositories in DEFAULT mode.
24-08-17.10:10:07.371 [main            ] INFO  RepositoryConfigurationDelegate - Finished Spring Data repository scanning in 13 ms. Found 0 Redis repository interfaces.
24-08-17.10:10:08.694 [main            ] INFO  Version                - Redisson 3.33.0
24-08-17.10:10:08.961 [main            ] WARN  SequentialDnsAddressResolverFactory - DNS TCP fallback on UDP query timeout disabled. Upgrade Netty to 4.1.105 or higher.
24-08-17.10:10:09.308 [redisson-netty-1-4] INFO  ConnectionsHolder      - 1 connections initialized for 127.0.0.1/127.0.0.1:16379
24-08-17.10:10:09.323 [redisson-netty-1-13] INFO  ConnectionsHolder      - 5 connections initialized for 127.0.0.1/127.0.0.1:16379
24-08-17.10:10:12.872 [main            ] INFO  EndpointLinksResolver  - Exposing 1 endpoint(s) beneath base path '/actuator'
24-08-17.10:10:12.981 [main            ] INFO  LogicChainTest         - Started LogicChainTest in 7.001 seconds (JVM running for 7.919)
24-08-17.10:14:46.922 [main            ] INFO  RuleWeightLogicChain   - 抽奖责任链-权重开始 userId: user001 strategyId: 100001 ruleModel: rule_weight
24-08-17.10:14:50.837 [main            ] INFO  HikariDataSource       - HikariPool-1 - Starting...
24-08-17.10:14:51.398 [main            ] INFO  HikariDataSource       - HikariPool-1 - Start completed.
24-08-17.10:15:52.460 [HikariPool-1 housekeeper] WARN  HikariPool             - HikariPool-1 - Thread starvation or clock leap detected (housekeeper delta=56s793ms514µs100ns).
24-08-17.10:15:52.463 [main            ] INFO  RuleWeightLogicChain   - 抽奖责任链-权重放行 userId: user001 strategyId: 100001 ruleModel: rule_weight
24-08-17.10:16:06.490 [main            ] INFO  BackListLogicChain     - 抽奖责任链-黑名单开始 userId: user001 strategyId: 100001 ruleModel: rule_blacklist
24-08-17.10:16:10.494 [main            ] INFO  BackListLogicChain     - 抽奖责任链-黑名单接管 userId: user001 strategyId: 100001 ruleModel: rule_blacklist awardId: 100
24-08-17.10:16:16.333 [main            ] INFO  LogicChainTest         - 测试结果：100
24-08-17.10:16:20.954 [SpringApplicationShutdownHook] INFO  HikariDataSource       - HikariPool-1 - Shutdown initiated...
24-08-17.10:16:20.970 [SpringApplicationShutdownHook] INFO  HikariDataSource       - HikariPool-1 - Shutdown completed.
24-08-17.10:17:45.690 [main            ] INFO  LogicChainTest         - Starting LogicChainTest using Java 17.0.10 on Administrator with PID 23848 (started by 陈涛 in D:\Projects\SpringBoot\big-market-231209-xfg-strategy\big-market-app)
24-08-17.10:17:45.690 [main            ] INFO  LogicChainTest         - The following 1 profile is active: "dev"
24-08-17.10:17:46.549 [main            ] INFO  RepositoryConfigurationDelegate - Multiple Spring Data modules found, entering strict repository configuration mode
24-08-17.10:17:46.551 [main            ] INFO  RepositoryConfigurationDelegate - Bootstrapping Spring Data Redis repositories in DEFAULT mode.
24-08-17.10:17:46.580 [main            ] INFO  RepositoryConfigurationDelegate - Finished Spring Data repository scanning in 11 ms. Found 0 Redis repository interfaces.
24-08-17.10:17:47.674 [main            ] INFO  Version                - Redisson 3.33.0
24-08-17.10:17:47.991 [main            ] WARN  SequentialDnsAddressResolverFactory - DNS TCP fallback on UDP query timeout disabled. Upgrade Netty to 4.1.105 or higher.
24-08-17.10:17:48.362 [redisson-netty-1-4] INFO  ConnectionsHolder      - 1 connections initialized for 127.0.0.1/127.0.0.1:16379
24-08-17.10:17:48.378 [redisson-netty-1-13] INFO  ConnectionsHolder      - 5 connections initialized for 127.0.0.1/127.0.0.1:16379
24-08-17.10:17:51.190 [main            ] INFO  EndpointLinksResolver  - Exposing 1 endpoint(s) beneath base path '/actuator'
24-08-17.10:17:51.313 [main            ] INFO  LogicChainTest         - Started LogicChainTest in 6.024 seconds (JVM running for 6.872)
24-08-17.10:20:38.324 [main            ] INFO  RuleWeightLogicChain   - 抽奖责任链-权重开始 userId: user001 strategyId: 100001 ruleModel: rule_weight
24-08-17.10:20:38.365 [main            ] INFO  HikariDataSource       - HikariPool-1 - Starting...
24-08-17.10:20:38.539 [main            ] INFO  HikariDataSource       - HikariPool-1 - Start completed.
24-08-17.10:20:38.564 [main            ] INFO  RuleWeightLogicChain   - 抽奖责任链-权重放行 userId: user001 strategyId: 100001 ruleModel: rule_weight
24-08-17.10:20:38.564 [main            ] INFO  BackListLogicChain     - 抽奖责任链-黑名单开始 userId: user001 strategyId: 100001 ruleModel: rule_blacklist
24-08-17.10:20:38.566 [main            ] INFO  BackListLogicChain     - 抽奖责任链-黑名单接管 userId: user001 strategyId: 100001 ruleModel: rule_blacklist awardId: 100
24-08-17.10:20:38.566 [main            ] INFO  LogicChainTest         - 测试结果：100
24-08-17.10:20:40.392 [SpringApplicationShutdownHook] INFO  HikariDataSource       - HikariPool-1 - Shutdown initiated...
24-08-17.10:20:40.409 [SpringApplicationShutdownHook] INFO  HikariDataSource       - HikariPool-1 - Shutdown completed.
24-08-17.10:33:48.184 [main            ] INFO  LogicChainTest         - Starting LogicChainTest using Java 17.0.10 on Administrator with PID 11684 (started by 陈涛 in D:\Projects\SpringBoot\big-market-231209-xfg-strategy\big-market-app)
24-08-17.10:33:48.185 [main            ] INFO  LogicChainTest         - The following 1 profile is active: "dev"
24-08-17.10:33:49.114 [main            ] INFO  RepositoryConfigurationDelegate - Multiple Spring Data modules found, entering strict repository configuration mode
24-08-17.10:33:49.118 [main            ] INFO  RepositoryConfigurationDelegate - Bootstrapping Spring Data Redis repositories in DEFAULT mode.
24-08-17.10:33:49.168 [main            ] INFO  RepositoryConfigurationDelegate - Finished Spring Data repository scanning in 14 ms. Found 0 Redis repository interfaces.
24-08-17.10:33:50.452 [main            ] INFO  Version                - Redisson 3.33.0
24-08-17.10:33:50.700 [main            ] WARN  SequentialDnsAddressResolverFactory - DNS TCP fallback on UDP query timeout disabled. Upgrade Netty to 4.1.105 or higher.
24-08-17.10:33:51.019 [redisson-netty-1-4] INFO  ConnectionsHolder      - 1 connections initialized for 127.0.0.1/127.0.0.1:16379
24-08-17.10:33:51.035 [redisson-netty-1-13] INFO  ConnectionsHolder      - 5 connections initialized for 127.0.0.1/127.0.0.1:16379
24-08-17.10:33:53.609 [main            ] INFO  EndpointLinksResolver  - Exposing 1 endpoint(s) beneath base path '/actuator'
24-08-17.10:33:53.705 [main            ] INFO  LogicChainTest         - Started LogicChainTest in 5.932 seconds (JVM running for 6.715)
24-08-17.10:34:49.377 [main            ] INFO  BackListLogicChain     - 抽奖责任链-黑名单开始 userId: user001 strategyId: 100001 ruleModel: rule_blacklist
24-08-17.10:34:49.892 [main            ] INFO  HikariDataSource       - HikariPool-1 - Starting...
24-08-17.10:34:50.460 [main            ] INFO  HikariDataSource       - HikariPool-1 - Start completed.
24-08-17.10:34:54.007 [main            ] INFO  BackListLogicChain     - 抽奖责任链-黑名单接管 userId: user001 strategyId: 100001 ruleModel: rule_blacklist awardId: 100
24-08-17.10:34:55.224 [main            ] INFO  LogicChainTest         - 测试结果：100
24-08-17.10:34:59.366 [SpringApplicationShutdownHook] INFO  HikariDataSource       - HikariPool-1 - Shutdown initiated...
24-08-17.10:34:59.380 [SpringApplicationShutdownHook] INFO  HikariDataSource       - HikariPool-1 - Shutdown completed.
24-08-17.10:48:59.362 [main            ] INFO  RaffleStrategyTest     - Starting RaffleStrategyTest using Java 17.0.10 on Administrator with PID 26692 (started by 陈涛 in D:\Projects\SpringBoot\big-market-231209-xfg-strategy\big-market-app)
24-08-17.10:48:59.362 [main            ] INFO  RaffleStrategyTest     - The following 1 profile is active: "dev"
24-08-17.10:49:00.422 [main            ] INFO  RepositoryConfigurationDelegate - Multiple Spring Data modules found, entering strict repository configuration mode
24-08-17.10:49:00.427 [main            ] INFO  RepositoryConfigurationDelegate - Bootstrapping Spring Data Redis repositories in DEFAULT mode.
24-08-17.10:49:00.471 [main            ] INFO  RepositoryConfigurationDelegate - Finished Spring Data repository scanning in 10 ms. Found 0 Redis repository interfaces.
24-08-17.10:49:01.725 [main            ] INFO  Version                - Redisson 3.33.0
24-08-17.10:49:01.971 [main            ] WARN  SequentialDnsAddressResolverFactory - DNS TCP fallback on UDP query timeout disabled. Upgrade Netty to 4.1.105 or higher.
24-08-17.10:49:02.300 [redisson-netty-1-4] INFO  ConnectionsHolder      - 1 connections initialized for 127.0.0.1/127.0.0.1:16379
24-08-17.10:49:02.316 [redisson-netty-1-13] INFO  ConnectionsHolder      - 5 connections initialized for 127.0.0.1/127.0.0.1:16379
24-08-17.10:49:05.765 [main            ] INFO  EndpointLinksResolver  - Exposing 1 endpoint(s) beneath base path '/actuator'
24-08-17.10:49:05.877 [main            ] INFO  RaffleStrategyTest     - Started RaffleStrategyTest in 6.94 seconds (JVM running for 7.765)
24-08-17.10:49:09.242 [main            ] INFO  RaffleStrategyTest     - 测试结果：true
24-08-17.10:49:09.249 [main            ] INFO  RaffleStrategyTest     - 测试结果：true
24-08-17.10:49:09.256 [main            ] INFO  RaffleStrategyTest     - 测试结果：true
24-08-17.10:49:25.445 [main            ] INFO  BackListLogicChain     - 抽奖责任链-黑名单开始 userId: xiaofuge strategyId: 100001 ruleModel: rule_blacklist
24-08-17.10:49:25.518 [main            ] INFO  HikariDataSource       - HikariPool-1 - Starting...
24-08-17.10:49:26.087 [main            ] INFO  HikariDataSource       - HikariPool-1 - Start completed.
24-08-17.10:49:26.170 [main            ] INFO  BackListLogicChain     - 抽奖责任链-黑名单放行 userId: xiaofuge strategyId: 100001 ruleModel: rule_blacklist
24-08-17.10:49:26.171 [main            ] INFO  RuleWeightLogicChain   - 抽奖责任链-权重开始 userId: xiaofuge strategyId: 100001 ruleModel: rule_weight
24-08-17.10:49:26.180 [main            ] INFO  RuleWeightLogicChain   - 抽奖责任链-权重接管 userId: xiaofuge strategyId: 100001 ruleModel: rule_weight awardId: 105
24-08-17.10:50:01.008 [main            ] INFO  RaffleStrategyTest     - 请求参数：{"strategyId":100001,"userId":"xiaofuge"}
24-08-17.10:50:01.012 [main            ] INFO  RaffleStrategyTest     - 测试结果：{"awardId":105}
24-08-17.10:50:03.115 [SpringApplicationShutdownHook] INFO  HikariDataSource       - HikariPool-1 - Shutdown initiated...
24-08-17.10:50:03.128 [SpringApplicationShutdownHook] INFO  HikariDataSource       - HikariPool-1 - Shutdown completed.
24-08-17.10:59:19.490 [main            ] INFO  RaffleStrategyTest     - Starting RaffleStrategyTest using Java 17.0.10 on Administrator with PID 2572 (started by 陈涛 in D:\Projects\SpringBoot\big-market-231209-xfg-strategy\big-market-app)
24-08-17.10:59:19.491 [main            ] INFO  RaffleStrategyTest     - The following 1 profile is active: "dev"
24-08-17.10:59:20.353 [main            ] INFO  RepositoryConfigurationDelegate - Multiple Spring Data modules found, entering strict repository configuration mode
24-08-17.10:59:20.355 [main            ] INFO  RepositoryConfigurationDelegate - Bootstrapping Spring Data Redis repositories in DEFAULT mode.
24-08-17.10:59:20.391 [main            ] INFO  RepositoryConfigurationDelegate - Finished Spring Data repository scanning in 11 ms. Found 0 Redis repository interfaces.
24-08-17.10:59:21.743 [main            ] INFO  Version                - Redisson 3.33.0
24-08-17.10:59:22.019 [main            ] WARN  SequentialDnsAddressResolverFactory - DNS TCP fallback on UDP query timeout disabled. Upgrade Netty to 4.1.105 or higher.
24-08-17.10:59:22.351 [redisson-netty-1-4] INFO  ConnectionsHolder      - 1 connections initialized for 127.0.0.1/127.0.0.1:16379
24-08-17.10:59:22.366 [redisson-netty-1-13] INFO  ConnectionsHolder      - 5 connections initialized for 127.0.0.1/127.0.0.1:16379
24-08-17.10:59:25.830 [main            ] INFO  EndpointLinksResolver  - Exposing 1 endpoint(s) beneath base path '/actuator'
24-08-17.10:59:25.907 [main            ] INFO  RaffleStrategyTest     - Started RaffleStrategyTest in 6.831 seconds (JVM running for 7.651)
24-08-17.10:59:29.232 [main            ] INFO  RaffleStrategyTest     - 测试结果：true
24-08-17.10:59:29.240 [main            ] INFO  RaffleStrategyTest     - 测试结果：true
24-08-17.10:59:29.247 [main            ] INFO  RaffleStrategyTest     - 测试结果：true
24-08-17.10:59:29.256 [main            ] INFO  BackListLogicChain     - 抽奖责任链-黑名单开始 userId: xiaofuge strategyId: 100001 ruleModel: rule_blacklist
24-08-17.10:59:29.427 [main            ] INFO  HikariDataSource       - HikariPool-1 - Starting...
24-08-17.10:59:30.093 [main            ] INFO  HikariDataSource       - HikariPool-1 - Start completed.
24-08-17.10:59:30.118 [main            ] INFO  BackListLogicChain     - 抽奖责任链-黑名单放行 userId: xiaofuge strategyId: 100001 ruleModel: rule_blacklist
24-08-17.10:59:30.118 [main            ] INFO  RuleWeightLogicChain   - 抽奖责任链-权重开始 userId: xiaofuge strategyId: 100001 ruleModel: rule_weight
24-08-17.10:59:30.124 [main            ] INFO  RuleWeightLogicChain   - 抽奖责任链-权重接管 userId: xiaofuge strategyId: 100001 ruleModel: rule_weight awardId: 102
24-08-17.10:59:45.683 [HikariPool-1 housekeeper] WARN  HikariPool             - HikariPool-1 - Thread starvation or clock leap detected (housekeeper delta=45s589ms855µs700ns).
24-08-17.11:00:35.084 [HikariPool-1 housekeeper] WARN  HikariPool             - HikariPool-1 - Thread starvation or clock leap detected (housekeeper delta=49s401ms907µs900ns).
24-08-17.11:00:35.263 [main            ] INFO  RaffleStrategyTest     - 请求参数：{"strategyId":100001,"userId":"xiaofuge"}
24-08-17.11:00:35.266 [main            ] INFO  RaffleStrategyTest     - 测试结果：{"awardId":102}
24-08-17.11:00:37.193 [SpringApplicationShutdownHook] INFO  HikariDataSource       - HikariPool-1 - Shutdown initiated...
24-08-17.11:00:37.207 [SpringApplicationShutdownHook] INFO  HikariDataSource       - HikariPool-1 - Shutdown completed.
24-08-17.11:01:27.435 [main            ] INFO  RaffleStrategyTest     - Starting RaffleStrategyTest using Java 17.0.10 on Administrator with PID 15220 (started by 陈涛 in D:\Projects\SpringBoot\big-market-231209-xfg-strategy\big-market-app)
24-08-17.11:01:27.436 [main            ] INFO  RaffleStrategyTest     - The following 1 profile is active: "dev"
24-08-17.11:01:28.407 [main            ] INFO  RepositoryConfigurationDelegate - Multiple Spring Data modules found, entering strict repository configuration mode
24-08-17.11:01:28.409 [main            ] INFO  RepositoryConfigurationDelegate - Bootstrapping Spring Data Redis repositories in DEFAULT mode.
24-08-17.11:01:28.430 [main            ] INFO  RepositoryConfigurationDelegate - Finished Spring Data repository scanning in 9 ms. Found 0 Redis repository interfaces.
24-08-17.11:01:29.705 [main            ] INFO  Version                - Redisson 3.33.0
24-08-17.11:01:30.000 [main            ] WARN  SequentialDnsAddressResolverFactory - DNS TCP fallback on UDP query timeout disabled. Upgrade Netty to 4.1.105 or higher.
24-08-17.11:01:30.322 [redisson-netty-1-4] INFO  ConnectionsHolder      - 1 connections initialized for 127.0.0.1/127.0.0.1:16379
24-08-17.11:01:30.337 [redisson-netty-1-13] INFO  ConnectionsHolder      - 5 connections initialized for 127.0.0.1/127.0.0.1:16379
24-08-17.11:01:33.353 [main            ] INFO  EndpointLinksResolver  - Exposing 1 endpoint(s) beneath base path '/actuator'
24-08-17.11:01:33.432 [main            ] INFO  RaffleStrategyTest     - Started RaffleStrategyTest in 6.41 seconds (JVM running for 7.331)
24-08-17.11:01:34.005 [main            ] INFO  BackListLogicChain     - 抽奖责任链-黑名单开始 userId: xiaofuge strategyId: 100001 ruleModel: rule_blacklist
24-08-17.11:01:34.030 [main            ] INFO  HikariDataSource       - HikariPool-1 - Starting...
24-08-17.11:01:34.239 [main            ] INFO  HikariDataSource       - HikariPool-1 - Start completed.
24-08-17.11:01:34.260 [main            ] INFO  BackListLogicChain     - 抽奖责任链-黑名单放行 userId: xiaofuge strategyId: 100001 ruleModel: rule_blacklist
24-08-17.11:01:34.260 [main            ] INFO  RuleWeightLogicChain   - 抽奖责任链-权重开始 userId: xiaofuge strategyId: 100001 ruleModel: rule_weight
24-08-17.11:01:34.263 [main            ] INFO  RuleWeightLogicChain   - 抽奖责任链-权重放行 userId: xiaofuge strategyId: 100001 ruleModel: rule_weight
24-08-17.11:01:34.272 [main            ] INFO  DefaultLogicChain      - 抽奖责任链-默认处理 userId: xiaofuge strategyId: 100001 ruleModel: default awardId: 101
24-08-17.11:01:53.162 [HikariPool-1 housekeeper] WARN  HikariPool             - HikariPool-1 - Thread starvation or clock leap detected (housekeeper delta=48s921ms813µs600ns).
24-08-17.11:02:52.856 [SpringApplicationShutdownHook] INFO  HikariDataSource       - HikariPool-1 - Shutdown initiated...
24-08-17.11:02:52.865 [SpringApplicationShutdownHook] INFO  HikariDataSource       - HikariPool-1 - Shutdown completed.
24-08-17.11:06:46.778 [main            ] INFO  RaffleStrategyTest     - Starting RaffleStrategyTest using Java 17.0.10 on Administrator with PID 11412 (started by 陈涛 in D:\Projects\SpringBoot\big-market-231209-xfg-strategy\big-market-app)
24-08-17.11:06:46.779 [main            ] INFO  RaffleStrategyTest     - The following 1 profile is active: "dev"
24-08-17.11:06:47.718 [main            ] INFO  RepositoryConfigurationDelegate - Multiple Spring Data modules found, entering strict repository configuration mode
24-08-17.11:06:47.724 [main            ] INFO  RepositoryConfigurationDelegate - Bootstrapping Spring Data Redis repositories in DEFAULT mode.
24-08-17.11:06:47.757 [main            ] INFO  RepositoryConfigurationDelegate - Finished Spring Data repository scanning in 9 ms. Found 0 Redis repository interfaces.
24-08-17.11:06:49.258 [main            ] INFO  Version                - Redisson 3.33.0
24-08-17.11:06:49.483 [main            ] WARN  SequentialDnsAddressResolverFactory - DNS TCP fallback on UDP query timeout disabled. Upgrade Netty to 4.1.105 or higher.
24-08-17.11:06:49.800 [redisson-netty-1-4] INFO  ConnectionsHolder      - 1 connections initialized for 127.0.0.1/127.0.0.1:16379
24-08-17.11:06:49.814 [redisson-netty-1-13] INFO  ConnectionsHolder      - 5 connections initialized for 127.0.0.1/127.0.0.1:16379
24-08-17.11:06:53.081 [main            ] INFO  EndpointLinksResolver  - Exposing 1 endpoint(s) beneath base path '/actuator'
24-08-17.11:06:53.166 [main            ] INFO  RaffleStrategyTest     - Started RaffleStrategyTest in 6.798 seconds (JVM running for 7.752)
24-08-17.11:06:53.704 [main            ] INFO  BackListLogicChain     - 抽奖责任链-黑名单开始 userId: xiaofuge strategyId: 100001 ruleModel: rule_blacklist
24-08-17.11:06:53.733 [main            ] INFO  HikariDataSource       - HikariPool-1 - Starting...
24-08-17.11:06:53.946 [main            ] INFO  HikariDataSource       - HikariPool-1 - Start completed.
24-08-17.11:06:53.965 [main            ] INFO  BackListLogicChain     - 抽奖责任链-黑名单放行 userId: xiaofuge strategyId: 100001 ruleModel: rule_blacklist
24-08-17.11:06:53.965 [main            ] INFO  RuleWeightLogicChain   - 抽奖责任链-权重开始 userId: xiaofuge strategyId: 100001 ruleModel: rule_weight
24-08-17.11:06:53.969 [main            ] INFO  RuleWeightLogicChain   - 抽奖责任链-权重放行 userId: xiaofuge strategyId: 100001 ruleModel: rule_weight
24-08-17.11:06:53.976 [main            ] INFO  DefaultLogicChain      - 抽奖责任链-默认处理 userId: xiaofuge strategyId: 100001 ruleModel: default awardId: 102
24-08-17.11:08:00.673 [main            ] INFO  RaffleStrategyTest     - 请求参数：{"strategyId":100001,"userId":"xiaofuge"}
24-08-17.11:08:00.678 [main            ] INFO  RaffleStrategyTest     - 测试结果：{"awardId":102}
24-08-17.11:08:02.419 [SpringApplicationShutdownHook] INFO  HikariDataSource       - HikariPool-1 - Shutdown initiated...
24-08-17.11:08:02.434 [SpringApplicationShutdownHook] INFO  HikariDataSource       - HikariPool-1 - Shutdown completed.
24-08-17.11:08:07.172 [main            ] INFO  RaffleStrategyTest     - Starting RaffleStrategyTest using Java 17.0.10 on Administrator with PID 23764 (started by 陈涛 in D:\Projects\SpringBoot\big-market-231209-xfg-strategy\big-market-app)
24-08-17.11:08:07.173 [main            ] INFO  RaffleStrategyTest     - The following 1 profile is active: "dev"
24-08-17.11:08:08.110 [main            ] INFO  RepositoryConfigurationDelegate - Multiple Spring Data modules found, entering strict repository configuration mode
24-08-17.11:08:08.114 [main            ] INFO  RepositoryConfigurationDelegate - Bootstrapping Spring Data Redis repositories in DEFAULT mode.
24-08-17.11:08:08.149 [main            ] INFO  RepositoryConfigurationDelegate - Finished Spring Data repository scanning in 11 ms. Found 0 Redis repository interfaces.
24-08-17.11:08:09.379 [main            ] INFO  Version                - Redisson 3.33.0
24-08-17.11:08:09.657 [main            ] WARN  SequentialDnsAddressResolverFactory - DNS TCP fallback on UDP query timeout disabled. Upgrade Netty to 4.1.105 or higher.
24-08-17.11:08:09.998 [redisson-netty-1-4] INFO  ConnectionsHolder      - 1 connections initialized for 127.0.0.1/127.0.0.1:16379
24-08-17.11:08:10.013 [redisson-netty-1-13] INFO  ConnectionsHolder      - 5 connections initialized for 127.0.0.1/127.0.0.1:16379
24-08-17.11:08:13.176 [main            ] INFO  EndpointLinksResolver  - Exposing 1 endpoint(s) beneath base path '/actuator'
24-08-17.11:08:13.275 [main            ] INFO  RaffleStrategyTest     - Started RaffleStrategyTest in 6.491 seconds (JVM running for 7.335)
24-08-17.11:08:13.802 [main            ] INFO  BackListLogicChain     - 抽奖责任链-黑名单开始 userId: xiaofuge strategyId: 100001 ruleModel: rule_blacklist
24-08-17.11:08:13.832 [main            ] INFO  HikariDataSource       - HikariPool-1 - Starting...
24-08-17.11:08:14.041 [main            ] INFO  HikariDataSource       - HikariPool-1 - Start completed.
24-08-17.11:08:14.062 [main            ] INFO  BackListLogicChain     - 抽奖责任链-黑名单放行 userId: xiaofuge strategyId: 100001 ruleModel: rule_blacklist
24-08-17.11:08:14.062 [main            ] INFO  RuleWeightLogicChain   - 抽奖责任链-权重开始 userId: xiaofuge strategyId: 100001 ruleModel: rule_weight
24-08-17.11:08:14.065 [main            ] INFO  RuleWeightLogicChain   - 抽奖责任链-权重放行 userId: xiaofuge strategyId: 100001 ruleModel: rule_weight
24-08-17.11:08:14.073 [main            ] INFO  DefaultLogicChain      - 抽奖责任链-默认处理 userId: xiaofuge strategyId: 100001 ruleModel: default awardId: 101
24-08-17.11:08:44.896 [HikariPool-1 housekeeper] WARN  HikariPool             - HikariPool-1 - Thread starvation or clock leap detected (housekeeper delta=1m854ms455µs500ns).
24-08-17.11:18:29.971 [HikariPool-1 housekeeper] WARN  HikariPool             - HikariPool-1 - Thread starvation or clock leap detected (housekeeper delta=9m45s74ms666µs500ns).
24-08-17.11:18:30.145 [main            ] INFO  RaffleStrategyTest     - 请求参数：{"strategyId":100001,"userId":"xiaofuge"}
24-08-17.11:18:30.147 [main            ] INFO  RaffleStrategyTest     - 测试结果：{"awardId":105}
24-08-17.11:18:32.058 [SpringApplicationShutdownHook] INFO  HikariDataSource       - HikariPool-1 - Shutdown initiated...
24-08-17.11:18:32.071 [SpringApplicationShutdownHook] INFO  HikariDataSource       - HikariPool-1 - Shutdown completed.
24-08-17.11:30:48.311 [main            ] INFO  RaffleStrategyTest     - Starting RaffleStrategyTest using Java 17.0.10 on Administrator with PID 26808 (started by 陈涛 in D:\Projects\SpringBoot\big-market-231209-xfg-strategy\big-market-app)
24-08-17.11:30:48.313 [main            ] INFO  RaffleStrategyTest     - The following 1 profile is active: "dev"
24-08-17.11:30:49.188 [main            ] INFO  RepositoryConfigurationDelegate - Multiple Spring Data modules found, entering strict repository configuration mode
24-08-17.11:30:49.191 [main            ] INFO  RepositoryConfigurationDelegate - Bootstrapping Spring Data Redis repositories in DEFAULT mode.
24-08-17.11:30:49.212 [main            ] INFO  RepositoryConfigurationDelegate - Finished Spring Data repository scanning in 10 ms. Found 0 Redis repository interfaces.
24-08-17.11:30:50.509 [main            ] INFO  Version                - Redisson 3.33.0
24-08-17.11:30:50.755 [main            ] WARN  SequentialDnsAddressResolverFactory - DNS TCP fallback on UDP query timeout disabled. Upgrade Netty to 4.1.105 or higher.
24-08-17.11:30:51.075 [redisson-netty-1-5] INFO  ConnectionsHolder      - 1 connections initialized for 127.0.0.1/127.0.0.1:16379
24-08-17.11:30:51.090 [redisson-netty-1-13] INFO  ConnectionsHolder      - 5 connections initialized for 127.0.0.1/127.0.0.1:16379
24-08-17.11:30:54.203 [main            ] INFO  EndpointLinksResolver  - Exposing 1 endpoint(s) beneath base path '/actuator'
24-08-17.11:30:54.313 [main            ] INFO  RaffleStrategyTest     - Started RaffleStrategyTest in 6.396 seconds (JVM running for 7.134)
24-08-17.11:30:54.826 [main            ] INFO  BackListLogicChain     - 抽奖责任链-黑名单开始 userId: xiaofuge strategyId: 100001 ruleModel: rule_blacklist
24-08-17.11:30:54.848 [main            ] INFO  HikariDataSource       - HikariPool-1 - Starting...
24-08-17.11:30:55.062 [main            ] INFO  HikariDataSource       - HikariPool-1 - Start completed.
24-08-17.11:30:55.083 [main            ] INFO  BackListLogicChain     - 抽奖责任链-黑名单放行 userId: xiaofuge strategyId: 100001 ruleModel: rule_blacklist
24-08-17.11:30:55.083 [main            ] INFO  RuleWeightLogicChain   - 抽奖责任链-权重开始 userId: xiaofuge strategyId: 100001 ruleModel: rule_weight
24-08-17.11:30:55.086 [main            ] INFO  RuleWeightLogicChain   - 抽奖责任链-权重放行 userId: xiaofuge strategyId: 100001 ruleModel: rule_weight
24-08-17.11:30:55.094 [main            ] INFO  DefaultLogicChain      - 抽奖责任链-默认处理 userId: xiaofuge strategyId: 100001 ruleModel: default awardId: 101
24-08-17.11:32:04.491 [HikariPool-1 housekeeper] WARN  HikariPool             - HikariPool-1 - Thread starvation or clock leap detected (housekeeper delta=1m39s429ms435µs800ns).
24-08-17.11:33:23.862 [HikariPool-1 housekeeper] WARN  HikariPool             - HikariPool-1 - Thread starvation or clock leap detected (housekeeper delta=1m19s370ms827µs900ns).
24-08-17.11:33:23.865 [main            ] INFO  RuleLockLogicFilter    - 规则过滤-次数锁 userId:xiaofuge strategyId:100001 ruleModel:rule_lock
24-08-17.11:33:40.608 [main            ] INFO  DefaultRaffleStrategy  - 抽奖中规则过滤 userId: xiaofuge ruleModel: rule_lock code: 0001 info: 接管；后续的流程，受规则引擎执行结果影响
24-08-17.11:33:45.557 [main            ] INFO  AbstractRaffleStrategy - 【临时日志】中奖中规则拦截，通过抽奖后规则 rule_luck_award 走兜底奖励。
24-08-17.11:33:52.361 [main            ] INFO  RaffleStrategyTest     - 请求参数：{"strategyId":100001,"userId":"xiaofuge"}
24-08-17.11:33:52.363 [main            ] INFO  RaffleStrategyTest     - 测试结果：{"awardDesc":"中奖中规则拦截，通过抽奖后规则 rule_luck_award 走兜底奖励。"}
24-08-17.11:33:54.309 [SpringApplicationShutdownHook] INFO  HikariDataSource       - HikariPool-1 - Shutdown initiated...
24-08-17.11:33:54.325 [SpringApplicationShutdownHook] INFO  HikariDataSource       - HikariPool-1 - Shutdown completed.
24-08-17.21:00:57.745 [main            ] INFO  TreeTest               - Starting TreeTest using Java 17.0.10 on Administrator with PID 26384 (started by 陈涛 in D:\Projects\SpringBoot\big-market-231209-xfg-strategy\big-market-app)
24-08-17.21:00:57.746 [main            ] INFO  TreeTest               - The following 1 profile is active: "dev"
24-08-17.21:00:58.654 [main            ] INFO  RepositoryConfigurationDelegate - Multiple Spring Data modules found, entering strict repository configuration mode
24-08-17.21:00:58.659 [main            ] INFO  RepositoryConfigurationDelegate - Bootstrapping Spring Data Redis repositories in DEFAULT mode.
24-08-17.21:00:58.699 [main            ] INFO  RepositoryConfigurationDelegate - Finished Spring Data repository scanning in 10 ms. Found 0 Redis repository interfaces.
24-08-17.21:00:59.999 [main            ] INFO  Version                - Redisson 3.33.0
24-08-17.21:01:00.222 [main            ] WARN  SequentialDnsAddressResolverFactory - DNS TCP fallback on UDP query timeout disabled. Upgrade Netty to 4.1.105 or higher.
24-08-17.21:01:05.674 [main            ] WARN  GenericWebApplicationContext - Exception encountered during context initialization - cancelling refresh attempt: org.springframework.beans.factory.BeanCreationException: Error creating bean with name 'strategyArmoryDispatch': Injection of resource dependencies failed; nested exception is org.springframework.beans.factory.BeanCreationException: Error creating bean with name 'strategyRepository': Injection of resource dependencies failed; nested exception is org.springframework.beans.factory.BeanCreationException: Error creating bean with name 'redissonService': Injection of resource dependencies failed; nested exception is org.springframework.beans.factory.BeanCreationException: Error creating bean with name 'redissonClient' defined in class path resource [cn/bugstack/config/RedisConfigClient.class]: Bean instantiation via factory method failed; nested exception is org.springframework.beans.BeanInstantiationException: Failed to instantiate [org.redisson.api.RedissonClient]: Factory method 'redissonClient' threw exception; nested exception is org.redisson.client.RedisConnectionException: java.util.concurrent.ExecutionException: org.redisson.client.RedisConnectionException: Unable to connect to Redis server: 127.0.0.1/127.0.0.1:16379
24-08-17.21:01:05.683 [main            ] INFO  ConditionEvaluationReportLoggingListener - 

Error starting ApplicationContext. To display the conditions report re-run your application with 'debug' enabled.
24-08-17.21:01:05.702 [main            ] ERROR SpringApplication      - Application run failed
org.springframework.beans.factory.BeanCreationException: Error creating bean with name 'strategyArmoryDispatch': Injection of resource dependencies failed; nested exception is org.springframework.beans.factory.BeanCreationException: Error creating bean with name 'strategyRepository': Injection of resource dependencies failed; nested exception is org.springframework.beans.factory.BeanCreationException: Error creating bean with name 'redissonService': Injection of resource dependencies failed; nested exception is org.springframework.beans.factory.BeanCreationException: Error creating bean with name 'redissonClient' defined in class path resource [cn/bugstack/config/RedisConfigClient.class]: Bean instantiation via factory method failed; nested exception is org.springframework.beans.BeanInstantiationException: Failed to instantiate [org.redisson.api.RedissonClient]: Factory method 'redissonClient' threw exception; nested exception is org.redisson.client.RedisConnectionException: java.util.concurrent.ExecutionException: org.redisson.client.RedisConnectionException: Unable to connect to Redis server: 127.0.0.1/127.0.0.1:16379
	at org.springframework.context.annotation.CommonAnnotationBeanPostProcessor.postProcessProperties(CommonAnnotationBeanPostProcessor.java:332)
	at org.springframework.beans.factory.support.AbstractAutowireCapableBeanFactory.populateBean(AbstractAutowireCapableBeanFactory.java:1431)
	at org.springframework.beans.factory.support.AbstractAutowireCapableBeanFactory.doCreateBean(AbstractAutowireCapableBeanFactory.java:619)
	at org.springframework.beans.factory.support.AbstractAutowireCapableBeanFactory.createBean(AbstractAutowireCapableBeanFactory.java:542)
	at org.springframework.beans.factory.support.AbstractBeanFactory.lambda$doGetBean$0(AbstractBeanFactory.java:335)
	at org.springframework.beans.factory.support.DefaultSingletonBeanRegistry.getSingleton(DefaultSingletonBeanRegistry.java:234)
	at org.springframework.beans.factory.support.AbstractBeanFactory.doGetBean(AbstractBeanFactory.java:333)
	at org.springframework.beans.factory.support.AbstractBeanFactory.getBean(AbstractBeanFactory.java:208)
	at org.springframework.beans.factory.support.DefaultListableBeanFactory.preInstantiateSingletons(DefaultListableBeanFactory.java:955)
	at org.springframework.context.support.AbstractApplicationContext.finishBeanFactoryInitialization(AbstractApplicationContext.java:920)
	at org.springframework.context.support.AbstractApplicationContext.refresh(AbstractApplicationContext.java:583)
	at org.springframework.boot.SpringApplication.refresh(SpringApplication.java:731)
	at org.springframework.boot.SpringApplication.refreshContext(SpringApplication.java:408)
	at org.springframework.boot.SpringApplication.run(SpringApplication.java:307)
	at org.springframework.boot.test.context.SpringBootContextLoader.loadContext(SpringBootContextLoader.java:136)
	at org.springframework.test.context.cache.DefaultCacheAwareContextLoaderDelegate.loadContextInternal(DefaultCacheAwareContextLoaderDelegate.java:141)
	at org.springframework.test.context.cache.DefaultCacheAwareContextLoaderDelegate.loadContext(DefaultCacheAwareContextLoaderDelegate.java:90)
	at org.springframework.test.context.support.DefaultTestContext.getApplicationContext(DefaultTestContext.java:124)
	at org.springframework.test.context.web.ServletTestExecutionListener.setUpRequestContextIfNecessary(ServletTestExecutionListener.java:190)
	at org.springframework.test.context.web.ServletTestExecutionListener.prepareTestInstance(ServletTestExecutionListener.java:132)
	at org.springframework.test.context.TestContextManager.prepareTestInstance(TestContextManager.java:248)
	at org.springframework.test.context.junit4.SpringJUnit4ClassRunner.createTest(SpringJUnit4ClassRunner.java:227)
	at org.springframework.test.context.junit4.SpringJUnit4ClassRunner$1.runReflectiveCall(SpringJUnit4ClassRunner.java:289)
	at org.junit.internal.runners.model.ReflectiveCallable.run(ReflectiveCallable.java:12)
	at org.springframework.test.context.junit4.SpringJUnit4ClassRunner.methodBlock(SpringJUnit4ClassRunner.java:291)
	at org.springframework.test.context.junit4.SpringJUnit4ClassRunner.runChild(SpringJUnit4ClassRunner.java:246)
	at org.springframework.test.context.junit4.SpringJUnit4ClassRunner.runChild(SpringJUnit4ClassRunner.java:97)
	at org.junit.runners.ParentRunner$4.run(ParentRunner.java:331)
	at org.junit.runners.ParentRunner$1.schedule(ParentRunner.java:79)
	at org.junit.runners.ParentRunner.runChildren(ParentRunner.java:329)
	at org.junit.runners.ParentRunner.access$100(ParentRunner.java:66)
	at org.junit.runners.ParentRunner$2.evaluate(ParentRunner.java:293)
	at org.springframework.test.context.junit4.statements.RunBeforeTestClassCallbacks.evaluate(RunBeforeTestClassCallbacks.java:61)
	at org.springframework.test.context.junit4.statements.RunAfterTestClassCallbacks.evaluate(RunAfterTestClassCallbacks.java:70)
	at org.junit.runners.ParentRunner$3.evaluate(ParentRunner.java:306)
	at org.junit.runners.ParentRunner.run(ParentRunner.java:413)
	at org.springframework.test.context.junit4.SpringJUnit4ClassRunner.run(SpringJUnit4ClassRunner.java:190)
	at org.junit.runner.JUnitCore.run(JUnitCore.java:137)
	at com.intellij.junit4.JUnit4IdeaTestRunner.startRunnerWithArgs(JUnit4IdeaTestRunner.java:69)
	at com.intellij.rt.junit.IdeaTestRunner$Repeater$1.execute(IdeaTestRunner.java:38)
	at com.intellij.rt.execution.junit.TestsRepeater.repeat(TestsRepeater.java:11)
	at com.intellij.rt.junit.IdeaTestRunner$Repeater.startRunnerWithArgs(IdeaTestRunner.java:35)
	at com.intellij.rt.junit.JUnitStarter.prepareStreamsAndStart(JUnitStarter.java:232)
	at com.intellij.rt.junit.JUnitStarter.main(JUnitStarter.java:55)
Caused by: org.springframework.beans.factory.BeanCreationException: Error creating bean with name 'strategyRepository': Injection of resource dependencies failed; nested exception is org.springframework.beans.factory.BeanCreationException: Error creating bean with name 'redissonService': Injection of resource dependencies failed; nested exception is org.springframework.beans.factory.BeanCreationException: Error creating bean with name 'redissonClient' defined in class path resource [cn/bugstack/config/RedisConfigClient.class]: Bean instantiation via factory method failed; nested exception is org.springframework.beans.BeanInstantiationException: Failed to instantiate [org.redisson.api.RedissonClient]: Factory method 'redissonClient' threw exception; nested exception is org.redisson.client.RedisConnectionException: java.util.concurrent.ExecutionException: org.redisson.client.RedisConnectionException: Unable to connect to Redis server: 127.0.0.1/127.0.0.1:16379
	at org.springframework.context.annotation.CommonAnnotationBeanPostProcessor.postProcessProperties(CommonAnnotationBeanPostProcessor.java:332)
	at org.springframework.beans.factory.support.AbstractAutowireCapableBeanFactory.populateBean(AbstractAutowireCapableBeanFactory.java:1431)
	at org.springframework.beans.factory.support.AbstractAutowireCapableBeanFactory.doCreateBean(AbstractAutowireCapableBeanFactory.java:619)
	at org.springframework.beans.factory.support.AbstractAutowireCapableBeanFactory.createBean(AbstractAutowireCapableBeanFactory.java:542)
	at org.springframework.beans.factory.support.AbstractBeanFactory.lambda$doGetBean$0(AbstractBeanFactory.java:335)
	at org.springframework.beans.factory.support.DefaultSingletonBeanRegistry.getSingleton(DefaultSingletonBeanRegistry.java:234)
	at org.springframework.beans.factory.support.AbstractBeanFactory.doGetBean(AbstractBeanFactory.java:333)
	at org.springframework.beans.factory.support.AbstractBeanFactory.getBean(AbstractBeanFactory.java:213)
	at org.springframework.beans.factory.support.AbstractAutowireCapableBeanFactory.resolveBeanByName(AbstractAutowireCapableBeanFactory.java:479)
	at org.springframework.context.annotation.CommonAnnotationBeanPostProcessor.autowireResource(CommonAnnotationBeanPostProcessor.java:550)
	at org.springframework.context.annotation.CommonAnnotationBeanPostProcessor.getResource(CommonAnnotationBeanPostProcessor.java:520)
	at org.springframework.context.annotation.CommonAnnotationBeanPostProcessor$ResourceElement.getResourceToInject(CommonAnnotationBeanPostProcessor.java:673)
	at org.springframework.beans.factory.annotation.InjectionMetadata$InjectedElement.inject(InjectionMetadata.java:228)
	at org.springframework.beans.factory.annotation.InjectionMetadata.inject(InjectionMetadata.java:119)
	at org.springframework.context.annotation.CommonAnnotationBeanPostProcessor.postProcessProperties(CommonAnnotationBeanPostProcessor.java:329)
	... 43 common frames omitted
Caused by: org.springframework.beans.factory.BeanCreationException: Error creating bean with name 'redissonService': Injection of resource dependencies failed; nested exception is org.springframework.beans.factory.BeanCreationException: Error creating bean with name 'redissonClient' defined in class path resource [cn/bugstack/config/RedisConfigClient.class]: Bean instantiation via factory method failed; nested exception is org.springframework.beans.BeanInstantiationException: Failed to instantiate [org.redisson.api.RedissonClient]: Factory method 'redissonClient' threw exception; nested exception is org.redisson.client.RedisConnectionException: java.util.concurrent.ExecutionException: org.redisson.client.RedisConnectionException: Unable to connect to Redis server: 127.0.0.1/127.0.0.1:16379
	at org.springframework.context.annotation.CommonAnnotationBeanPostProcessor.postProcessProperties(CommonAnnotationBeanPostProcessor.java:332)
	at org.springframework.beans.factory.support.AbstractAutowireCapableBeanFactory.populateBean(AbstractAutowireCapableBeanFactory.java:1431)
	at org.springframework.beans.factory.support.AbstractAutowireCapableBeanFactory.doCreateBean(AbstractAutowireCapableBeanFactory.java:619)
	at org.springframework.beans.factory.support.AbstractAutowireCapableBeanFactory.createBean(AbstractAutowireCapableBeanFactory.java:542)
	at org.springframework.beans.factory.support.AbstractBeanFactory.lambda$doGetBean$0(AbstractBeanFactory.java:335)
	at org.springframework.beans.factory.support.DefaultSingletonBeanRegistry.getSingleton(DefaultSingletonBeanRegistry.java:234)
	at org.springframework.beans.factory.support.AbstractBeanFactory.doGetBean(AbstractBeanFactory.java:333)
	at org.springframework.beans.factory.support.AbstractBeanFactory.getBean(AbstractBeanFactory.java:208)
	at org.springframework.beans.factory.config.DependencyDescriptor.resolveCandidate(DependencyDescriptor.java:276)
	at org.springframework.beans.factory.support.DefaultListableBeanFactory.doResolveDependency(DefaultListableBeanFactory.java:1391)
	at org.springframework.beans.factory.support.DefaultListableBeanFactory.resolveDependency(DefaultListableBeanFactory.java:1311)
	at org.springframework.context.annotation.CommonAnnotationBeanPostProcessor.autowireResource(CommonAnnotationBeanPostProcessor.java:544)
	at org.springframework.context.annotation.CommonAnnotationBeanPostProcessor.getResource(CommonAnnotationBeanPostProcessor.java:520)
	at org.springframework.context.annotation.CommonAnnotationBeanPostProcessor$ResourceElement.getResourceToInject(CommonAnnotationBeanPostProcessor.java:673)
	at org.springframework.beans.factory.annotation.InjectionMetadata$InjectedElement.inject(InjectionMetadata.java:228)
	at org.springframework.beans.factory.annotation.InjectionMetadata.inject(InjectionMetadata.java:119)
	at org.springframework.context.annotation.CommonAnnotationBeanPostProcessor.postProcessProperties(CommonAnnotationBeanPostProcessor.java:329)
	... 57 common frames omitted
Caused by: org.springframework.beans.factory.BeanCreationException: Error creating bean with name 'redissonClient' defined in class path resource [cn/bugstack/config/RedisConfigClient.class]: Bean instantiation via factory method failed; nested exception is org.springframework.beans.BeanInstantiationException: Failed to instantiate [org.redisson.api.RedissonClient]: Factory method 'redissonClient' threw exception; nested exception is org.redisson.client.RedisConnectionException: java.util.concurrent.ExecutionException: org.redisson.client.RedisConnectionException: Unable to connect to Redis server: 127.0.0.1/127.0.0.1:16379
	at org.springframework.beans.factory.support.ConstructorResolver.instantiate(ConstructorResolver.java:658)
	at org.springframework.beans.factory.support.ConstructorResolver.instantiateUsingFactoryMethod(ConstructorResolver.java:638)
	at org.springframework.beans.factory.support.AbstractAutowireCapableBeanFactory.instantiateUsingFactoryMethod(AbstractAutowireCapableBeanFactory.java:1352)
	at org.springframework.beans.factory.support.AbstractAutowireCapableBeanFactory.createBeanInstance(AbstractAutowireCapableBeanFactory.java:1195)
	at org.springframework.beans.factory.support.AbstractAutowireCapableBeanFactory.doCreateBean(AbstractAutowireCapableBeanFactory.java:582)
	at org.springframework.beans.factory.support.AbstractAutowireCapableBeanFactory.createBean(AbstractAutowireCapableBeanFactory.java:542)
	at org.springframework.beans.factory.support.AbstractBeanFactory.lambda$doGetBean$0(AbstractBeanFactory.java:335)
	at org.springframework.beans.factory.support.DefaultSingletonBeanRegistry.getSingleton(DefaultSingletonBeanRegistry.java:234)
	at org.springframework.beans.factory.support.AbstractBeanFactory.doGetBean(AbstractBeanFactory.java:333)
	at org.springframework.beans.factory.support.AbstractBeanFactory.getBean(AbstractBeanFactory.java:213)
	at org.springframework.beans.factory.support.AbstractAutowireCapableBeanFactory.resolveBeanByName(AbstractAutowireCapableBeanFactory.java:479)
	at org.springframework.context.annotation.CommonAnnotationBeanPostProcessor.autowireResource(CommonAnnotationBeanPostProcessor.java:550)
	at org.springframework.context.annotation.CommonAnnotationBeanPostProcessor.getResource(CommonAnnotationBeanPostProcessor.java:520)
	at org.springframework.context.annotation.CommonAnnotationBeanPostProcessor$ResourceElement.getResourceToInject(CommonAnnotationBeanPostProcessor.java:673)
	at org.springframework.beans.factory.annotation.InjectionMetadata$InjectedElement.inject(InjectionMetadata.java:228)
	at org.springframework.beans.factory.annotation.InjectionMetadata.inject(InjectionMetadata.java:119)
	at org.springframework.context.annotation.CommonAnnotationBeanPostProcessor.postProcessProperties(CommonAnnotationBeanPostProcessor.java:329)
	... 73 common frames omitted
Caused by: org.springframework.beans.BeanInstantiationException: Failed to instantiate [org.redisson.api.RedissonClient]: Factory method 'redissonClient' threw exception; nested exception is org.redisson.client.RedisConnectionException: java.util.concurrent.ExecutionException: org.redisson.client.RedisConnectionException: Unable to connect to Redis server: 127.0.0.1/127.0.0.1:16379
	at org.springframework.beans.factory.support.SimpleInstantiationStrategy.instantiate(SimpleInstantiationStrategy.java:185)
	at org.springframework.beans.factory.support.ConstructorResolver.instantiate(ConstructorResolver.java:653)
	... 89 common frames omitted
Caused by: org.redisson.client.RedisConnectionException: java.util.concurrent.ExecutionException: org.redisson.client.RedisConnectionException: Unable to connect to Redis server: 127.0.0.1/127.0.0.1:16379
	at org.redisson.connection.MasterSlaveConnectionManager.doConnect(MasterSlaveConnectionManager.java:228)
	at org.redisson.connection.MasterSlaveConnectionManager.connect(MasterSlaveConnectionManager.java:188)
	at org.redisson.config.ConfigSupport.createConnectionManager(ConfigSupport.java:216)
	at org.redisson.Redisson.<init>(Redisson.java:70)
	at org.redisson.Redisson.create(Redisson.java:115)
	at cn.bugstack.config.RedisConfigClient.redissonClient(RedisConfigClient.java:49)
	at cn.bugstack.config.RedisConfigClient$$EnhancerBySpringCGLIB$$8f7ae77b.CGLIB$redissonClient$0(<generated>)
	at cn.bugstack.config.RedisConfigClient$$EnhancerBySpringCGLIB$$8f7ae77b$$FastClassBySpringCGLIB$$d28e41fb.invoke(<generated>)
	at org.springframework.cglib.proxy.MethodProxy.invokeSuper(MethodProxy.java:244)
	at org.springframework.context.annotation.ConfigurationClassEnhancer$BeanMethodInterceptor.intercept(ConfigurationClassEnhancer.java:331)
	at cn.bugstack.config.RedisConfigClient$$EnhancerBySpringCGLIB$$8f7ae77b.redissonClient(<generated>)
	at java.base/jdk.internal.reflect.NativeMethodAccessorImpl.invoke0(Native Method)
	at java.base/jdk.internal.reflect.NativeMethodAccessorImpl.invoke(NativeMethodAccessorImpl.java:77)
	at java.base/jdk.internal.reflect.DelegatingMethodAccessorImpl.invoke(DelegatingMethodAccessorImpl.java:43)
	at java.base/java.lang.reflect.Method.invoke(Method.java:568)
	at org.springframework.beans.factory.support.SimpleInstantiationStrategy.instantiate(SimpleInstantiationStrategy.java:154)
	... 90 common frames omitted
Caused by: java.util.concurrent.ExecutionException: org.redisson.client.RedisConnectionException: Unable to connect to Redis server: 127.0.0.1/127.0.0.1:16379
	at java.base/java.util.concurrent.CompletableFuture.reportGet(CompletableFuture.java:396)
	at java.base/java.util.concurrent.CompletableFuture.get(CompletableFuture.java:2096)
	at org.redisson.connection.MasterSlaveConnectionManager.doConnect(MasterSlaveConnectionManager.java:223)
	... 105 common frames omitted
Caused by: org.redisson.client.RedisConnectionException: Unable to connect to Redis server: 127.0.0.1/127.0.0.1:16379
	at org.redisson.connection.ConnectionsHolder.lambda$createConnection$2(ConnectionsHolder.java:165)
	at java.base/java.util.concurrent.CompletableFuture.uniHandle(CompletableFuture.java:934)
	at java.base/java.util.concurrent.CompletableFuture$UniHandle.tryFire(CompletableFuture.java:911)
	at java.base/java.util.concurrent.CompletableFuture.postComplete(CompletableFuture.java:510)
	at java.base/java.util.concurrent.CompletableFuture.completeExceptionally(CompletableFuture.java:2162)
	at org.redisson.connection.ConnectionsHolder.lambda$createConnection$5(ConnectionsHolder.java:179)
	at java.base/java.util.concurrent.CompletableFuture.uniWhenComplete(CompletableFuture.java:863)
	at java.base/java.util.concurrent.CompletableFuture$UniWhenComplete.tryFire(CompletableFuture.java:841)
	at java.base/java.util.concurrent.CompletableFuture.postComplete(CompletableFuture.java:510)
	at java.base/java.util.concurrent.CompletableFuture.completeExceptionally(CompletableFuture.java:2162)
	at org.redisson.client.RedisClient$1$2.run(RedisClient.java:304)
	at io.netty.util.concurrent.AbstractEventExecutor.runTask(AbstractEventExecutor.java:174)
	at io.netty.util.concurrent.AbstractEventExecutor.safeExecute(AbstractEventExecutor.java:167)
	at io.netty.util.concurrent.SingleThreadEventExecutor.runAllTasks(SingleThreadEventExecutor.java:470)
	at io.netty.channel.nio.NioEventLoop.run(NioEventLoop.java:569)
	at io.netty.util.concurrent.SingleThreadEventExecutor$4.run(SingleThreadEventExecutor.java:997)
	at io.netty.util.internal.ThreadExecutorMap$2.run(ThreadExecutorMap.java:74)
	at io.netty.util.concurrent.FastThreadLocalRunnable.run(FastThreadLocalRunnable.java:30)
	at java.base/java.lang.Thread.run(Thread.java:842)
Caused by: java.util.concurrent.CompletionException: io.netty.channel.AbstractChannel$AnnotatedConnectException: Connection refused: no further information: 127.0.0.1/127.0.0.1:16379
	at java.base/java.util.concurrent.CompletableFuture.encodeRelay(CompletableFuture.java:368)
	at java.base/java.util.concurrent.CompletableFuture.completeRelay(CompletableFuture.java:377)
	at java.base/java.util.concurrent.CompletableFuture$UniRelay.tryFire(CompletableFuture.java:1097)
	... 11 common frames omitted
Caused by: io.netty.channel.AbstractChannel$AnnotatedConnectException: Connection refused: no further information: 127.0.0.1/127.0.0.1:16379
Caused by: java.net.ConnectException: Connection refused: no further information
	at java.base/sun.nio.ch.Net.pollConnect(Native Method)
	at java.base/sun.nio.ch.Net.pollConnectNow(Net.java:672)
	at java.base/sun.nio.ch.SocketChannelImpl.finishConnect(SocketChannelImpl.java:946)
	at io.netty.channel.socket.nio.NioSocketChannel.doFinishConnect(NioSocketChannel.java:337)
	at io.netty.channel.nio.AbstractNioChannel$AbstractNioUnsafe.finishConnect(AbstractNioChannel.java:334)
	at io.netty.channel.nio.NioEventLoop.processSelectedKey(NioEventLoop.java:776)
	at io.netty.channel.nio.NioEventLoop.processSelectedKeysOptimized(NioEventLoop.java:724)
	at io.netty.channel.nio.NioEventLoop.processSelectedKeys(NioEventLoop.java:650)
	at io.netty.channel.nio.NioEventLoop.run(NioEventLoop.java:562)
	at io.netty.util.concurrent.SingleThreadEventExecutor$4.run(SingleThreadEventExecutor.java:997)
	at io.netty.util.internal.ThreadExecutorMap$2.run(ThreadExecutorMap.java:74)
	at io.netty.util.concurrent.FastThreadLocalRunnable.run(FastThreadLocalRunnable.java:30)
	at java.base/java.lang.Thread.run(Thread.java:842)
24-08-17.21:01:05.705 [main            ] ERROR TestContextManager     - Caught exception while allowing TestExecutionListener [org.springframework.test.context.web.ServletTestExecutionListener@1caa0244] to prepare test instance [cn.bugstack.test.domain.TreeTest@49986178]
java.lang.IllegalStateException: Failed to load ApplicationContext
	at org.springframework.test.context.cache.DefaultCacheAwareContextLoaderDelegate.loadContext(DefaultCacheAwareContextLoaderDelegate.java:98)
	at org.springframework.test.context.support.DefaultTestContext.getApplicationContext(DefaultTestContext.java:124)
	at org.springframework.test.context.web.ServletTestExecutionListener.setUpRequestContextIfNecessary(ServletTestExecutionListener.java:190)
	at org.springframework.test.context.web.ServletTestExecutionListener.prepareTestInstance(ServletTestExecutionListener.java:132)
	at org.springframework.test.context.TestContextManager.prepareTestInstance(TestContextManager.java:248)
	at org.springframework.test.context.junit4.SpringJUnit4ClassRunner.createTest(SpringJUnit4ClassRunner.java:227)
	at org.springframework.test.context.junit4.SpringJUnit4ClassRunner$1.runReflectiveCall(SpringJUnit4ClassRunner.java:289)
	at org.junit.internal.runners.model.ReflectiveCallable.run(ReflectiveCallable.java:12)
	at org.springframework.test.context.junit4.SpringJUnit4ClassRunner.methodBlock(SpringJUnit4ClassRunner.java:291)
	at org.springframework.test.context.junit4.SpringJUnit4ClassRunner.runChild(SpringJUnit4ClassRunner.java:246)
	at org.springframework.test.context.junit4.SpringJUnit4ClassRunner.runChild(SpringJUnit4ClassRunner.java:97)
	at org.junit.runners.ParentRunner$4.run(ParentRunner.java:331)
	at org.junit.runners.ParentRunner$1.schedule(ParentRunner.java:79)
	at org.junit.runners.ParentRunner.runChildren(ParentRunner.java:329)
	at org.junit.runners.ParentRunner.access$100(ParentRunner.java:66)
	at org.junit.runners.ParentRunner$2.evaluate(ParentRunner.java:293)
	at org.springframework.test.context.junit4.statements.RunBeforeTestClassCallbacks.evaluate(RunBeforeTestClassCallbacks.java:61)
	at org.springframework.test.context.junit4.statements.RunAfterTestClassCallbacks.evaluate(RunAfterTestClassCallbacks.java:70)
	at org.junit.runners.ParentRunner$3.evaluate(ParentRunner.java:306)
	at org.junit.runners.ParentRunner.run(ParentRunner.java:413)
	at org.springframework.test.context.junit4.SpringJUnit4ClassRunner.run(SpringJUnit4ClassRunner.java:190)
	at org.junit.runner.JUnitCore.run(JUnitCore.java:137)
	at com.intellij.junit4.JUnit4IdeaTestRunner.startRunnerWithArgs(JUnit4IdeaTestRunner.java:69)
	at com.intellij.rt.junit.IdeaTestRunner$Repeater$1.execute(IdeaTestRunner.java:38)
	at com.intellij.rt.execution.junit.TestsRepeater.repeat(TestsRepeater.java:11)
	at com.intellij.rt.junit.IdeaTestRunner$Repeater.startRunnerWithArgs(IdeaTestRunner.java:35)
	at com.intellij.rt.junit.JUnitStarter.prepareStreamsAndStart(JUnitStarter.java:232)
	at com.intellij.rt.junit.JUnitStarter.main(JUnitStarter.java:55)
Caused by: org.springframework.beans.factory.BeanCreationException: Error creating bean with name 'strategyArmoryDispatch': Injection of resource dependencies failed; nested exception is org.springframework.beans.factory.BeanCreationException: Error creating bean with name 'strategyRepository': Injection of resource dependencies failed; nested exception is org.springframework.beans.factory.BeanCreationException: Error creating bean with name 'redissonService': Injection of resource dependencies failed; nested exception is org.springframework.beans.factory.BeanCreationException: Error creating bean with name 'redissonClient' defined in class path resource [cn/bugstack/config/RedisConfigClient.class]: Bean instantiation via factory method failed; nested exception is org.springframework.beans.BeanInstantiationException: Failed to instantiate [org.redisson.api.RedissonClient]: Factory method 'redissonClient' threw exception; nested exception is org.redisson.client.RedisConnectionException: java.util.concurrent.ExecutionException: org.redisson.client.RedisConnectionException: Unable to connect to Redis server: 127.0.0.1/127.0.0.1:16379
	at org.springframework.context.annotation.CommonAnnotationBeanPostProcessor.postProcessProperties(CommonAnnotationBeanPostProcessor.java:332)
	at org.springframework.beans.factory.support.AbstractAutowireCapableBeanFactory.populateBean(AbstractAutowireCapableBeanFactory.java:1431)
	at org.springframework.beans.factory.support.AbstractAutowireCapableBeanFactory.doCreateBean(AbstractAutowireCapableBeanFactory.java:619)
	at org.springframework.beans.factory.support.AbstractAutowireCapableBeanFactory.createBean(AbstractAutowireCapableBeanFactory.java:542)
	at org.springframework.beans.factory.support.AbstractBeanFactory.lambda$doGetBean$0(AbstractBeanFactory.java:335)
	at org.springframework.beans.factory.support.DefaultSingletonBeanRegistry.getSingleton(DefaultSingletonBeanRegistry.java:234)
	at org.springframework.beans.factory.support.AbstractBeanFactory.doGetBean(AbstractBeanFactory.java:333)
	at org.springframework.beans.factory.support.AbstractBeanFactory.getBean(AbstractBeanFactory.java:208)
	at org.springframework.beans.factory.support.DefaultListableBeanFactory.preInstantiateSingletons(DefaultListableBeanFactory.java:955)
	at org.springframework.context.support.AbstractApplicationContext.finishBeanFactoryInitialization(AbstractApplicationContext.java:920)
	at org.springframework.context.support.AbstractApplicationContext.refresh(AbstractApplicationContext.java:583)
	at org.springframework.boot.SpringApplication.refresh(SpringApplication.java:731)
	at org.springframework.boot.SpringApplication.refreshContext(SpringApplication.java:408)
	at org.springframework.boot.SpringApplication.run(SpringApplication.java:307)
	at org.springframework.boot.test.context.SpringBootContextLoader.loadContext(SpringBootContextLoader.java:136)
	at org.springframework.test.context.cache.DefaultCacheAwareContextLoaderDelegate.loadContextInternal(DefaultCacheAwareContextLoaderDelegate.java:141)
	at org.springframework.test.context.cache.DefaultCacheAwareContextLoaderDelegate.loadContext(DefaultCacheAwareContextLoaderDelegate.java:90)
	... 27 common frames omitted
Caused by: org.springframework.beans.factory.BeanCreationException: Error creating bean with name 'strategyRepository': Injection of resource dependencies failed; nested exception is org.springframework.beans.factory.BeanCreationException: Error creating bean with name 'redissonService': Injection of resource dependencies failed; nested exception is org.springframework.beans.factory.BeanCreationException: Error creating bean with name 'redissonClient' defined in class path resource [cn/bugstack/config/RedisConfigClient.class]: Bean instantiation via factory method failed; nested exception is org.springframework.beans.BeanInstantiationException: Failed to instantiate [org.redisson.api.RedissonClient]: Factory method 'redissonClient' threw exception; nested exception is org.redisson.client.RedisConnectionException: java.util.concurrent.ExecutionException: org.redisson.client.RedisConnectionException: Unable to connect to Redis server: 127.0.0.1/127.0.0.1:16379
	at org.springframework.context.annotation.CommonAnnotationBeanPostProcessor.postProcessProperties(CommonAnnotationBeanPostProcessor.java:332)
	at org.springframework.beans.factory.support.AbstractAutowireCapableBeanFactory.populateBean(AbstractAutowireCapableBeanFactory.java:1431)
	at org.springframework.beans.factory.support.AbstractAutowireCapableBeanFactory.doCreateBean(AbstractAutowireCapableBeanFactory.java:619)
	at org.springframework.beans.factory.support.AbstractAutowireCapableBeanFactory.createBean(AbstractAutowireCapableBeanFactory.java:542)
	at org.springframework.beans.factory.support.AbstractBeanFactory.lambda$doGetBean$0(AbstractBeanFactory.java:335)
	at org.springframework.beans.factory.support.DefaultSingletonBeanRegistry.getSingleton(DefaultSingletonBeanRegistry.java:234)
	at org.springframework.beans.factory.support.AbstractBeanFactory.doGetBean(AbstractBeanFactory.java:333)
	at org.springframework.beans.factory.support.AbstractBeanFactory.getBean(AbstractBeanFactory.java:213)
	at org.springframework.beans.factory.support.AbstractAutowireCapableBeanFactory.resolveBeanByName(AbstractAutowireCapableBeanFactory.java:479)
	at org.springframework.context.annotation.CommonAnnotationBeanPostProcessor.autowireResource(CommonAnnotationBeanPostProcessor.java:550)
	at org.springframework.context.annotation.CommonAnnotationBeanPostProcessor.getResource(CommonAnnotationBeanPostProcessor.java:520)
	at org.springframework.context.annotation.CommonAnnotationBeanPostProcessor$ResourceElement.getResourceToInject(CommonAnnotationBeanPostProcessor.java:673)
	at org.springframework.beans.factory.annotation.InjectionMetadata$InjectedElement.inject(InjectionMetadata.java:228)
	at org.springframework.beans.factory.annotation.InjectionMetadata.inject(InjectionMetadata.java:119)
	at org.springframework.context.annotation.CommonAnnotationBeanPostProcessor.postProcessProperties(CommonAnnotationBeanPostProcessor.java:329)
	... 43 common frames omitted
Caused by: org.springframework.beans.factory.BeanCreationException: Error creating bean with name 'redissonService': Injection of resource dependencies failed; nested exception is org.springframework.beans.factory.BeanCreationException: Error creating bean with name 'redissonClient' defined in class path resource [cn/bugstack/config/RedisConfigClient.class]: Bean instantiation via factory method failed; nested exception is org.springframework.beans.BeanInstantiationException: Failed to instantiate [org.redisson.api.RedissonClient]: Factory method 'redissonClient' threw exception; nested exception is org.redisson.client.RedisConnectionException: java.util.concurrent.ExecutionException: org.redisson.client.RedisConnectionException: Unable to connect to Redis server: 127.0.0.1/127.0.0.1:16379
	at org.springframework.context.annotation.CommonAnnotationBeanPostProcessor.postProcessProperties(CommonAnnotationBeanPostProcessor.java:332)
	at org.springframework.beans.factory.support.AbstractAutowireCapableBeanFactory.populateBean(AbstractAutowireCapableBeanFactory.java:1431)
	at org.springframework.beans.factory.support.AbstractAutowireCapableBeanFactory.doCreateBean(AbstractAutowireCapableBeanFactory.java:619)
	at org.springframework.beans.factory.support.AbstractAutowireCapableBeanFactory.createBean(AbstractAutowireCapableBeanFactory.java:542)
	at org.springframework.beans.factory.support.AbstractBeanFactory.lambda$doGetBean$0(AbstractBeanFactory.java:335)
	at org.springframework.beans.factory.support.DefaultSingletonBeanRegistry.getSingleton(DefaultSingletonBeanRegistry.java:234)
	at org.springframework.beans.factory.support.AbstractBeanFactory.doGetBean(AbstractBeanFactory.java:333)
	at org.springframework.beans.factory.support.AbstractBeanFactory.getBean(AbstractBeanFactory.java:208)
	at org.springframework.beans.factory.config.DependencyDescriptor.resolveCandidate(DependencyDescriptor.java:276)
	at org.springframework.beans.factory.support.DefaultListableBeanFactory.doResolveDependency(DefaultListableBeanFactory.java:1391)
	at org.springframework.beans.factory.support.DefaultListableBeanFactory.resolveDependency(DefaultListableBeanFactory.java:1311)
	at org.springframework.context.annotation.CommonAnnotationBeanPostProcessor.autowireResource(CommonAnnotationBeanPostProcessor.java:544)
	at org.springframework.context.annotation.CommonAnnotationBeanPostProcessor.getResource(CommonAnnotationBeanPostProcessor.java:520)
	at org.springframework.context.annotation.CommonAnnotationBeanPostProcessor$ResourceElement.getResourceToInject(CommonAnnotationBeanPostProcessor.java:673)
	at org.springframework.beans.factory.annotation.InjectionMetadata$InjectedElement.inject(InjectionMetadata.java:228)
	at org.springframework.beans.factory.annotation.InjectionMetadata.inject(InjectionMetadata.java:119)
	at org.springframework.context.annotation.CommonAnnotationBeanPostProcessor.postProcessProperties(CommonAnnotationBeanPostProcessor.java:329)
	... 57 common frames omitted
Caused by: org.springframework.beans.factory.BeanCreationException: Error creating bean with name 'redissonClient' defined in class path resource [cn/bugstack/config/RedisConfigClient.class]: Bean instantiation via factory method failed; nested exception is org.springframework.beans.BeanInstantiationException: Failed to instantiate [org.redisson.api.RedissonClient]: Factory method 'redissonClient' threw exception; nested exception is org.redisson.client.RedisConnectionException: java.util.concurrent.ExecutionException: org.redisson.client.RedisConnectionException: Unable to connect to Redis server: 127.0.0.1/127.0.0.1:16379
	at org.springframework.beans.factory.support.ConstructorResolver.instantiate(ConstructorResolver.java:658)
	at org.springframework.beans.factory.support.ConstructorResolver.instantiateUsingFactoryMethod(ConstructorResolver.java:638)
	at org.springframework.beans.factory.support.AbstractAutowireCapableBeanFactory.instantiateUsingFactoryMethod(AbstractAutowireCapableBeanFactory.java:1352)
	at org.springframework.beans.factory.support.AbstractAutowireCapableBeanFactory.createBeanInstance(AbstractAutowireCapableBeanFactory.java:1195)
	at org.springframework.beans.factory.support.AbstractAutowireCapableBeanFactory.doCreateBean(AbstractAutowireCapableBeanFactory.java:582)
	at org.springframework.beans.factory.support.AbstractAutowireCapableBeanFactory.createBean(AbstractAutowireCapableBeanFactory.java:542)
	at org.springframework.beans.factory.support.AbstractBeanFactory.lambda$doGetBean$0(AbstractBeanFactory.java:335)
	at org.springframework.beans.factory.support.DefaultSingletonBeanRegistry.getSingleton(DefaultSingletonBeanRegistry.java:234)
	at org.springframework.beans.factory.support.AbstractBeanFactory.doGetBean(AbstractBeanFactory.java:333)
	at org.springframework.beans.factory.support.AbstractBeanFactory.getBean(AbstractBeanFactory.java:213)
	at org.springframework.beans.factory.support.AbstractAutowireCapableBeanFactory.resolveBeanByName(AbstractAutowireCapableBeanFactory.java:479)
	at org.springframework.context.annotation.CommonAnnotationBeanPostProcessor.autowireResource(CommonAnnotationBeanPostProcessor.java:550)
	at org.springframework.context.annotation.CommonAnnotationBeanPostProcessor.getResource(CommonAnnotationBeanPostProcessor.java:520)
	at org.springframework.context.annotation.CommonAnnotationBeanPostProcessor$ResourceElement.getResourceToInject(CommonAnnotationBeanPostProcessor.java:673)
	at org.springframework.beans.factory.annotation.InjectionMetadata$InjectedElement.inject(InjectionMetadata.java:228)
	at org.springframework.beans.factory.annotation.InjectionMetadata.inject(InjectionMetadata.java:119)
	at org.springframework.context.annotation.CommonAnnotationBeanPostProcessor.postProcessProperties(CommonAnnotationBeanPostProcessor.java:329)
	... 73 common frames omitted
Caused by: org.springframework.beans.BeanInstantiationException: Failed to instantiate [org.redisson.api.RedissonClient]: Factory method 'redissonClient' threw exception; nested exception is org.redisson.client.RedisConnectionException: java.util.concurrent.ExecutionException: org.redisson.client.RedisConnectionException: Unable to connect to Redis server: 127.0.0.1/127.0.0.1:16379
	at org.springframework.beans.factory.support.SimpleInstantiationStrategy.instantiate(SimpleInstantiationStrategy.java:185)
	at org.springframework.beans.factory.support.ConstructorResolver.instantiate(ConstructorResolver.java:653)
	... 89 common frames omitted
Caused by: org.redisson.client.RedisConnectionException: java.util.concurrent.ExecutionException: org.redisson.client.RedisConnectionException: Unable to connect to Redis server: 127.0.0.1/127.0.0.1:16379
	at org.redisson.connection.MasterSlaveConnectionManager.doConnect(MasterSlaveConnectionManager.java:228)
	at org.redisson.connection.MasterSlaveConnectionManager.connect(MasterSlaveConnectionManager.java:188)
	at org.redisson.config.ConfigSupport.createConnectionManager(ConfigSupport.java:216)
	at org.redisson.Redisson.<init>(Redisson.java:70)
	at org.redisson.Redisson.create(Redisson.java:115)
	at cn.bugstack.config.RedisConfigClient.redissonClient(RedisConfigClient.java:49)
	at cn.bugstack.config.RedisConfigClient$$EnhancerBySpringCGLIB$$8f7ae77b.CGLIB$redissonClient$0(<generated>)
	at cn.bugstack.config.RedisConfigClient$$EnhancerBySpringCGLIB$$8f7ae77b$$FastClassBySpringCGLIB$$d28e41fb.invoke(<generated>)
	at org.springframework.cglib.proxy.MethodProxy.invokeSuper(MethodProxy.java:244)
	at org.springframework.context.annotation.ConfigurationClassEnhancer$BeanMethodInterceptor.intercept(ConfigurationClassEnhancer.java:331)
	at cn.bugstack.config.RedisConfigClient$$EnhancerBySpringCGLIB$$8f7ae77b.redissonClient(<generated>)
	at java.base/jdk.internal.reflect.NativeMethodAccessorImpl.invoke0(Native Method)
	at java.base/jdk.internal.reflect.NativeMethodAccessorImpl.invoke(NativeMethodAccessorImpl.java:77)
	at java.base/jdk.internal.reflect.DelegatingMethodAccessorImpl.invoke(DelegatingMethodAccessorImpl.java:43)
	at java.base/java.lang.reflect.Method.invoke(Method.java:568)
	at org.springframework.beans.factory.support.SimpleInstantiationStrategy.instantiate(SimpleInstantiationStrategy.java:154)
	... 90 common frames omitted
Caused by: java.util.concurrent.ExecutionException: org.redisson.client.RedisConnectionException: Unable to connect to Redis server: 127.0.0.1/127.0.0.1:16379
	at java.base/java.util.concurrent.CompletableFuture.reportGet(CompletableFuture.java:396)
	at java.base/java.util.concurrent.CompletableFuture.get(CompletableFuture.java:2096)
	at org.redisson.connection.MasterSlaveConnectionManager.doConnect(MasterSlaveConnectionManager.java:223)
	... 105 common frames omitted
Caused by: org.redisson.client.RedisConnectionException: Unable to connect to Redis server: 127.0.0.1/127.0.0.1:16379
	at org.redisson.connection.ConnectionsHolder.lambda$createConnection$2(ConnectionsHolder.java:165)
	at java.base/java.util.concurrent.CompletableFuture.uniHandle(CompletableFuture.java:934)
	at java.base/java.util.concurrent.CompletableFuture$UniHandle.tryFire(CompletableFuture.java:911)
	at java.base/java.util.concurrent.CompletableFuture.postComplete(CompletableFuture.java:510)
	at java.base/java.util.concurrent.CompletableFuture.completeExceptionally(CompletableFuture.java:2162)
	at org.redisson.connection.ConnectionsHolder.lambda$createConnection$5(ConnectionsHolder.java:179)
	at java.base/java.util.concurrent.CompletableFuture.uniWhenComplete(CompletableFuture.java:863)
	at java.base/java.util.concurrent.CompletableFuture$UniWhenComplete.tryFire(CompletableFuture.java:841)
	at java.base/java.util.concurrent.CompletableFuture.postComplete(CompletableFuture.java:510)
	at java.base/java.util.concurrent.CompletableFuture.completeExceptionally(CompletableFuture.java:2162)
	at org.redisson.client.RedisClient$1$2.run(RedisClient.java:304)
	at io.netty.util.concurrent.AbstractEventExecutor.runTask(AbstractEventExecutor.java:174)
	at io.netty.util.concurrent.AbstractEventExecutor.safeExecute(AbstractEventExecutor.java:167)
	at io.netty.util.concurrent.SingleThreadEventExecutor.runAllTasks(SingleThreadEventExecutor.java:470)
	at io.netty.channel.nio.NioEventLoop.run(NioEventLoop.java:569)
	at io.netty.util.concurrent.SingleThreadEventExecutor$4.run(SingleThreadEventExecutor.java:997)
	at io.netty.util.internal.ThreadExecutorMap$2.run(ThreadExecutorMap.java:74)
	at io.netty.util.concurrent.FastThreadLocalRunnable.run(FastThreadLocalRunnable.java:30)
	at java.base/java.lang.Thread.run(Thread.java:842)
Caused by: java.util.concurrent.CompletionException: io.netty.channel.AbstractChannel$AnnotatedConnectException: Connection refused: no further information: 127.0.0.1/127.0.0.1:16379
	at java.base/java.util.concurrent.CompletableFuture.encodeRelay(CompletableFuture.java:368)
	at java.base/java.util.concurrent.CompletableFuture.completeRelay(CompletableFuture.java:377)
	at java.base/java.util.concurrent.CompletableFuture$UniRelay.tryFire(CompletableFuture.java:1097)
	... 11 common frames omitted
Caused by: io.netty.channel.AbstractChannel$AnnotatedConnectException: Connection refused: no further information: 127.0.0.1/127.0.0.1:16379
Caused by: java.net.ConnectException: Connection refused: no further information
	at java.base/sun.nio.ch.Net.pollConnect(Native Method)
	at java.base/sun.nio.ch.Net.pollConnectNow(Net.java:672)
	at java.base/sun.nio.ch.SocketChannelImpl.finishConnect(SocketChannelImpl.java:946)
	at io.netty.channel.socket.nio.NioSocketChannel.doFinishConnect(NioSocketChannel.java:337)
	at io.netty.channel.nio.AbstractNioChannel$AbstractNioUnsafe.finishConnect(AbstractNioChannel.java:334)
	at io.netty.channel.nio.NioEventLoop.processSelectedKey(NioEventLoop.java:776)
	at io.netty.channel.nio.NioEventLoop.processSelectedKeysOptimized(NioEventLoop.java:724)
	at io.netty.channel.nio.NioEventLoop.processSelectedKeys(NioEventLoop.java:650)
	at io.netty.channel.nio.NioEventLoop.run(NioEventLoop.java:562)
	at io.netty.util.concurrent.SingleThreadEventExecutor$4.run(SingleThreadEventExecutor.java:997)
	at io.netty.util.internal.ThreadExecutorMap$2.run(ThreadExecutorMap.java:74)
	at io.netty.util.concurrent.FastThreadLocalRunnable.run(FastThreadLocalRunnable.java:30)
	at java.base/java.lang.Thread.run(Thread.java:842)
24-08-17.21:01:45.435 [main            ] INFO  TreeTest               - Starting TreeTest using Java 17.0.10 on Administrator with PID 35708 (started by 陈涛 in D:\Projects\SpringBoot\big-market-231209-xfg-strategy\big-market-app)
24-08-17.21:01:45.436 [main            ] INFO  TreeTest               - The following 1 profile is active: "dev"
24-08-17.21:01:46.515 [main            ] INFO  RepositoryConfigurationDelegate - Multiple Spring Data modules found, entering strict repository configuration mode
24-08-17.21:01:46.523 [main            ] INFO  RepositoryConfigurationDelegate - Bootstrapping Spring Data Redis repositories in DEFAULT mode.
24-08-17.21:01:46.580 [main            ] INFO  RepositoryConfigurationDelegate - Finished Spring Data repository scanning in 15 ms. Found 0 Redis repository interfaces.
24-08-17.21:01:47.827 [main            ] INFO  Version                - Redisson 3.33.0
24-08-17.21:01:48.063 [main            ] WARN  SequentialDnsAddressResolverFactory - DNS TCP fallback on UDP query timeout disabled. Upgrade Netty to 4.1.105 or higher.
24-08-17.21:01:48.376 [redisson-netty-1-4] INFO  ConnectionsHolder      - 1 connections initialized for 127.0.0.1/127.0.0.1:16379
24-08-17.21:01:48.390 [redisson-netty-1-13] INFO  ConnectionsHolder      - 5 connections initialized for 127.0.0.1/127.0.0.1:16379
24-08-17.21:01:50.814 [main            ] INFO  EndpointLinksResolver  - Exposing 1 endpoint(s) beneath base path '/actuator'
24-08-17.21:01:50.880 [main            ] INFO  TreeTest               - Started TreeTest in 5.932 seconds (JVM running for 6.739)
24-08-17.21:01:51.414 [main            ] INFO  DecisionTreeEngine     - 决策树引擎【决策树规则；增加dall-e-3画图模型】treeId:100000001 node:rule_lock code:0000
24-08-17.21:01:51.415 [main            ] INFO  DecisionTreeEngine     - 决策树引擎【决策树规则；增加dall-e-3画图模型】treeId:100000001 node:rule_stock code:0001
24-08-17.21:01:51.416 [main            ] INFO  DecisionTreeEngine     - 决策树引擎【决策树规则；增加dall-e-3画图模型】treeId:100000001 node:rule_luck_award code:0001
24-08-17.21:01:51.513 [main            ] INFO  TreeTest               - 测试结果：{"awardId":101,"awardRuleValue":"1,100"}
24-08-17.21:19:16.928 [main            ] INFO  TreeTest               - Starting TreeTest using Java 17.0.10 on Administrator with PID 32316 (started by 陈涛 in D:\Projects\SpringBoot\big-market-231209-xfg-strategy\big-market-app)
24-08-17.21:19:16.929 [main            ] INFO  TreeTest               - The following 1 profile is active: "dev"
24-08-17.21:19:17.851 [main            ] INFO  RepositoryConfigurationDelegate - Multiple Spring Data modules found, entering strict repository configuration mode
24-08-17.21:19:17.855 [main            ] INFO  RepositoryConfigurationDelegate - Bootstrapping Spring Data Redis repositories in DEFAULT mode.
24-08-17.21:19:17.883 [main            ] INFO  RepositoryConfigurationDelegate - Finished Spring Data repository scanning in 10 ms. Found 0 Redis repository interfaces.
24-08-17.21:19:19.479 [main            ] INFO  Version                - Redisson 3.33.0
24-08-17.21:19:19.695 [main            ] WARN  SequentialDnsAddressResolverFactory - DNS TCP fallback on UDP query timeout disabled. Upgrade Netty to 4.1.105 or higher.
24-08-17.21:19:20.011 [redisson-netty-1-4] INFO  ConnectionsHolder      - 1 connections initialized for 127.0.0.1/127.0.0.1:16379
24-08-17.21:19:20.030 [redisson-netty-1-13] INFO  ConnectionsHolder      - 5 connections initialized for 127.0.0.1/127.0.0.1:16379
24-08-17.21:19:23.250 [main            ] INFO  EndpointLinksResolver  - Exposing 1 endpoint(s) beneath base path '/actuator'
24-08-17.21:19:23.342 [main            ] INFO  TreeTest               - Started TreeTest in 6.832 seconds (JVM running for 7.781)
24-08-17.21:37:16.375 [main            ] INFO  DecisionTreeEngine     - 决策树引擎【决策树规则；增加dall-e-3画图模型】treeId:100000001 node:rule_lock code:0000
24-08-17.21:46:19.108 [main            ] INFO  DecisionTreeEngine     - 决策树引擎【决策树规则；增加dall-e-3画图模型】treeId:100000001 node:rule_stock code:0001
24-08-17.21:52:26.973 [main            ] INFO  DecisionTreeEngine     - 决策树引擎【决策树规则；增加dall-e-3画图模型】treeId:100000001 node:rule_luck_award code:0001
24-08-17.21:52:27.310 [main            ] INFO  TreeTest               - 测试结果：{"awardId":101,"awardRuleValue":"1,100"}
24-08-17.22:54:09.060 [main            ] INFO  TreeTest               - Starting TreeTest using Java 17.0.10 on Administrator with PID 24568 (started by 陈涛 in D:\Projects\SpringBoot\big-market-231209-xfg-strategy\big-market-app)
24-08-17.22:54:09.061 [main            ] INFO  TreeTest               - The following 1 profile is active: "dev"
24-08-17.22:54:09.911 [main            ] INFO  RepositoryConfigurationDelegate - Multiple Spring Data modules found, entering strict repository configuration mode
24-08-17.22:54:09.913 [main            ] INFO  RepositoryConfigurationDelegate - Bootstrapping Spring Data Redis repositories in DEFAULT mode.
24-08-17.22:54:09.936 [main            ] INFO  RepositoryConfigurationDelegate - Finished Spring Data repository scanning in 11 ms. Found 0 Redis repository interfaces.
24-08-17.22:54:11.109 [main            ] INFO  Version                - Redisson 3.33.0
24-08-17.22:54:11.337 [main            ] WARN  SequentialDnsAddressResolverFactory - DNS TCP fallback on UDP query timeout disabled. Upgrade Netty to 4.1.105 or higher.
24-08-17.22:54:11.671 [redisson-netty-1-4] INFO  ConnectionsHolder      - 1 connections initialized for 127.0.0.1/127.0.0.1:16379
24-08-17.22:54:11.693 [redisson-netty-1-13] INFO  ConnectionsHolder      - 5 connections initialized for 127.0.0.1/127.0.0.1:16379
24-08-17.22:54:14.390 [main            ] INFO  EndpointLinksResolver  - Exposing 1 endpoint(s) beneath base path '/actuator'
24-08-17.22:54:14.508 [main            ] INFO  TreeTest               - Started TreeTest in 5.946 seconds (JVM running for 6.802)
24-08-17.22:54:15.032 [main            ] INFO  DecisionTreeEngine     - 决策树引擎【决策树规则；增加dall-e-3画图模型】treeId:100000001 node:rule_lock code:0000
24-08-17.23:03:21.985 [main            ] INFO  DecisionTreeEngine     - 决策树引擎【决策树规则；增加dall-e-3画图模型】treeId:100000001 node:rule_stock code:0001
24-08-17.23:10:35.004 [main            ] INFO  DecisionTreeEngine     - 决策树引擎【决策树规则；增加dall-e-3画图模型】treeId:100000001 node:rule_luck_award code:0001
24-08-17.23:11:00.638 [main            ] INFO  TreeTest               - 测试结果：{"awardId":101,"awardRuleValue":"1,100"}
